<?xml version="1.0" encoding="UTF-8"?>
<testng-results ignored="0" total="1" passed="1" failed="0" skipped="0">
  <reporter-output>
  </reporter-output>
  <suite started-at="2025-04-03T21:59:18 IST" name="Default suite" finished-at="2025-04-03T21:59:31 IST" duration-ms="12813">
    <groups>
      <group name="cucumber">
        <method signature="AbstractTestNGCucumberTests.runScenario(io.cucumber.testng.PickleWrapper,io.cucumber.testng.FeatureWrapper)[pri:0, instance:com.runner.runnerfile@40005471]" name="runScenario" class="io.cucumber.testng.AbstractTestNGCucumberTests"/>
      </group> <!-- cucumber -->
    </groups>
    <test started-at="2025-04-03T21:59:18 IST" name="Default test" finished-at="2025-04-03T21:59:31 IST" duration-ms="12813">
      <class name="com.runner.runnerfile">
        <test-method is-config="true" signature="setUpClass(org.testng.ITestContext)[pri:0, instance:com.runner.runnerfile@40005471]" started-at="2025-04-03T21:59:18 IST" name="setUpClass" finished-at="2025-04-03T21:59:18 IST" duration-ms="165" status="PASS">
          <params>
            <param index="0">
              <value>
                <![CDATA[org.testng.TestRunner@28f878a0]]>
              </value>
            </param>
          </params>
          <reporter-output>
          </reporter-output>
        </test-method> <!-- setUpClass -->
        <test-method signature="runScenario(io.cucumber.testng.PickleWrapper,io.cucumber.testng.FeatureWrapper)[pri:0, instance:com.runner.runnerfile@40005471]" started-at="2025-04-03T21:59:18 IST" name="runScenario" description="Runs Cucumber Scenarios" data-provider="scenarios" finished-at="2025-04-03T21:59:30 IST" duration-ms="12067" status="PASS">
          <params>
            <param index="0">
              <value>
                <![CDATA["Login with Valid credentials and update address details"]]>
              </value>
            </param>
            <param index="1">
              <value>
                <![CDATA["DemoWebShop Feature"]]>
              </value>
            </param>
          </params>
          <reporter-output>
          </reporter-output>
        </test-method> <!-- runScenario -->
        <test-method is-config="true" signature="tearDownClass()[pri:0, instance:com.runner.runnerfile@40005471]" started-at="2025-04-03T21:59:30 IST" name="tearDownClass" finished-at="2025-04-03T21:59:31 IST" duration-ms="519" status="PASS">
          <reporter-output>
          </reporter-output>
        </test-method> <!-- tearDownClass -->
      </class> <!-- com.runner.runnerfile -->
    </test> <!-- Default test -->
  </suite> <!-- Default suite -->
</testng-results>
